[debug] [2022-12-10T11:01:06.217Z] ----------------------------------------------------------------------
[debug] [2022-12-10T11:01:06.218Z] Command:       /Users/levanjmukhadze/.nvm/versions/node/v16.18.0/bin/node /Users/levanjmukhadze/.nvm/versions/node/v16.18.0/bin/firebase init
[debug] [2022-12-10T11:01:06.218Z] CLI Version:   11.17.0
[debug] [2022-12-10T11:01:06.218Z] Platform:      darwin
[debug] [2022-12-10T11:01:06.219Z] Node Version:  v16.18.0
[debug] [2022-12-10T11:01:06.219Z] Time:          Sat Dec 10 2022 15:01:06 GMT+0400 (Georgia Standard Time)
[debug] [2022-12-10T11:01:06.219Z] ----------------------------------------------------------------------
[debug] 
[debug] [2022-12-10T11:01:06.222Z] > command requires scopes: ["email","openid","https://www.googleapis.com/auth/cloudplatformprojects.readonly","https://www.googleapis.com/auth/firebase","https://www.googleapis.com/auth/cloud-platform"]
[debug] [2022-12-10T11:01:06.222Z] > authorizing via signed-in user (jmukhadze@gmail.com)
[info] 
     ######## #### ########  ######## ########     ###     ######  ########
     ##        ##  ##     ## ##       ##     ##  ##   ##  ##       ##
     ######    ##  ########  ######   ########  #########  ######  ######
     ##        ##  ##    ##  ##       ##     ## ##     ##       ## ##
     ##       #### ##     ## ######## ########  ##     ##  ######  ########

You're about to initialize a Firebase project in this directory:

  /Users/levanjmukhadze/Projects/alte/untitled folder/ecommerce

[info] 
=== Project Setup
[info] 
[info] First, let's associate this project directory with a Firebase project.
[info] You can create multiple project aliases by running firebase use --add, 
[info] but for now we'll just set up a default project.
[info] 
[debug] [2022-12-10T11:01:11.765Z] >>> [apiv2][query] GET https://firebase.googleapis.com/v1beta1/projects pageSize=100
[debug] [2022-12-10T11:01:12.616Z] <<< [apiv2][status] GET https://firebase.googleapis.com/v1beta1/projects 200
[debug] [2022-12-10T11:01:12.616Z] <<< [apiv2][body] GET https://firebase.googleapis.com/v1beta1/projects [omitted]
[info] i  Using project alte-angular-2 (alte-angular) 
[info] 
=== Hosting Setup
[info] 
[info] Your public directory is the folder (relative to your project directory) that
[info] will contain Hosting assets to be uploaded with firebase deploy. If you
[info] have a build process for your assets, use your build's output directory.
[info] 
[debug] [2022-12-10T11:01:23.418Z] >>> [apiv2][query] GET https://www.gstatic.com/firebasejs/releases.json [none]
[debug] [2022-12-10T11:01:23.777Z] <<< [apiv2][status] GET https://www.gstatic.com/firebasejs/releases.json 200
[debug] [2022-12-10T11:01:23.778Z] <<< [apiv2][body] GET https://www.gstatic.com/firebasejs/releases.json {"current":{"version":"9.15.0","browserURL":"https://www.gstatic.com/firebasejs/9.15.0/firebase.js","packageURL":"https://www.gstatic.com/firebasejs/9.15.0/firebase.tgz"},"live":{"version":"9.15","browserURL":"https://www.gstatic.com/firebasejs/live/9.15/firebase.js","packageURL":"https://www.gstatic.com/firebasejs/live/9.15/firebase.tgz"},"components":{"analytics":"https://www.gstatic.com/firebasejs/9.15.0/firebase-analytics.js","app":"https://www.gstatic.com/firebasejs/9.15.0/firebase-app.js","app-check":"https://www.gstatic.com/firebasejs/9.15.0/firebase-app-check.js","auth":"https://www.gstatic.com/firebasejs/9.15.0/firebase-auth.js","auth/cordova":"https://www.gstatic.com/firebasejs/9.15.0/firebase-auth/cordova.js","auth/react-native":"https://www.gstatic.com/firebasejs/9.15.0/firebase-auth/react-native.js","functions":"https://www.gstatic.com/firebasejs/9.15.0/firebase-functions.js","firestore":"https://www.gstatic.com/firebasejs/9.15.0/firebase-firestore.js","firestore/lite":"https://www.gstatic.com/firebasejs/9.15.0/firebase-firestore/lite.js","installations":"https://www.gstatic.com/firebasejs/9.15.0/firebase-installations.js","storage":"https://www.gstatic.com/firebasejs/9.15.0/firebase-storage.js","performance":"https://www.gstatic.com/firebasejs/9.15.0/firebase-performance.js","remote-config":"https://www.gstatic.com/firebasejs/9.15.0/firebase-remote-config.js","messaging":"https://www.gstatic.com/firebasejs/9.15.0/firebase-messaging.js","messaging/sw":"https://www.gstatic.com/firebasejs/9.15.0/firebase-messaging/sw.js","database":"https://www.gstatic.com/firebasejs/9.15.0/firebase-database.js","firestore.memory":"https://www.gstatic.com/firebasejs/9.15.0/firebase-firestore.memory.js"}}
[info] ✔  Wrote dist/ecommerce/index.html 
[info] 
[info] i  Detected a .git folder at /Users/levanjmukhadze/Projects/alte/untitled folder/ecommerce 
[info] i  Authorizing with GitHub to upload your service account to a GitHub repository's secrets store. 
[info] 
[info] Visit this URL on this device to log in:
[info] https://github.com/login/oauth/authorize?client_id=89cf50f02ac6aaed3484&state=598800644&redirect_uri=http%3A%2F%2Flocalhost%3A9005&scope=read%3Auser%20repo%20public_repo
[info] 
[info] Waiting for authentication...
[debug] [2022-12-10T11:01:44.361Z] >>> [apiv2][query] POST https://github.com/login/oauth/access_token [none]
[debug] [2022-12-10T11:01:44.361Z] >>> [apiv2][body] POST https://github.com/login/oauth/access_token [stream]
[debug] [2022-12-10T11:01:45.020Z] <<< [apiv2][status] POST https://github.com/login/oauth/access_token 200
[debug] [2022-12-10T11:01:45.020Z] <<< [apiv2][body] POST https://github.com/login/oauth/access_token {"access_token":"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","token_type":"bearer","scope":"read:user,repo"}
[debug] [2022-12-10T11:01:45.044Z] >>> [apiv2][query] GET https://api.github.com/user [none]
[debug] [2022-12-10T11:01:45.607Z] <<< [apiv2][status] GET https://api.github.com/user 200
[debug] [2022-12-10T11:01:45.607Z] <<< [apiv2][body] GET https://api.github.com/user {"login":"levart","id":1885278,"node_id":"MDQ6VXNlcjE4ODUyNzg=","avatar_url":"https://avatars.githubusercontent.com/u/1885278?v=4","gravatar_id":"","url":"https://api.github.com/users/levart","html_url":"https://github.com/levart","followers_url":"https://api.github.com/users/levart/followers","following_url":"https://api.github.com/users/levart/following{/other_user}","gists_url":"https://api.github.com/users/levart/gists{/gist_id}","starred_url":"https://api.github.com/users/levart/starred{/owner}{/repo}","subscriptions_url":"https://api.github.com/users/levart/subscriptions","organizations_url":"https://api.github.com/users/levart/orgs","repos_url":"https://api.github.com/users/levart/repos","events_url":"https://api.github.com/users/levart/events{/privacy}","received_events_url":"https://api.github.com/users/levart/received_events","type":"User","site_admin":false,"name":"Levan Jmukhadze","company":"FixGroup","blog":"https://gosms.ge","location":"Georgia, Tbilisi","email":null,"hireable":true,"bio":null,"twitter_username":null,"public_repos":73,"public_gists":3,"followers":28,"following":64,"created_at":"2012-06-23T21:30:10Z","updated_at":"2022-12-05T09:42:35Z","private_gists":1,"total_private_repos":45,"owned_private_repos":45,"disk_usage":1818838,"collaborators":1,"two_factor_authentication":false,"plan":{"name":"pro","space":976562499,"collaborators":0,"private_repos":9999}}
[info] 
[info] ✔  Success! Logged into GitHub as levart 
[info] 
[debug] [2022-12-10T11:01:59.369Z] >>> [apiv2][query] GET https://api.github.com/repos//actions/secrets/public-key type=owner
[debug] [2022-12-10T11:01:59.846Z] <<< [apiv2][status] GET https://api.github.com/repos//actions/secrets/public-key 404
[debug] [2022-12-10T11:01:59.846Z] <<< [apiv2][body] GET https://api.github.com/repos//actions/secrets/public-key {"message":"Not Found","documentation_url":"https://docs.github.com/rest"}
[debug] [2022-12-10T11:02:14.154Z] >>> [apiv2][query] GET https://api.github.com/repos/levart/alte-ecommerce/actions/secrets/public-key type=owner
[debug] [2022-12-10T11:02:14.548Z] >>> [apiv2][query] GET https://api.github.com/repos//actions/secrets/public-key type=owner
[debug] [2022-12-10T11:02:14.618Z] <<< [apiv2][status] GET https://api.github.com/repos/levart/alte-ecommerce/actions/secrets/public-key 404
[debug] [2022-12-10T11:02:14.618Z] <<< [apiv2][body] GET https://api.github.com/repos/levart/alte-ecommerce/actions/secrets/public-key {"message":"Not Found","documentation_url":"https://docs.github.com/rest/reference/actions#get-a-repository-public-key"}
[debug] [2022-12-10T11:02:15.069Z] <<< [apiv2][status] GET https://api.github.com/repos//actions/secrets/public-key 404
[debug] [2022-12-10T11:02:15.070Z] <<< [apiv2][body] GET https://api.github.com/repos//actions/secrets/public-key {"message":"Not Found","documentation_url":"https://docs.github.com/rest"}
[debug] [2022-12-10T11:02:15.531Z] >>> [apiv2][query] GET https://api.github.com/repos/levart/alte-ecommerce/actions/secrets/public-key type=owner
[debug] [2022-12-10T11:02:16.002Z] <<< [apiv2][status] GET https://api.github.com/repos/levart/alte-ecommerce/actions/secrets/public-key 404
[debug] [2022-12-10T11:02:16.002Z] <<< [apiv2][body] GET https://api.github.com/repos/levart/alte-ecommerce/actions/secrets/public-key {"message":"Not Found","documentation_url":"https://docs.github.com/rest/reference/actions#get-a-repository-public-key"}
[debug] [2022-12-10T11:02:16.531Z] >>> [apiv2][query] GET https://api.github.com/repos/levart/alte-ecommerce/actions/secrets/public-key type=owner
[debug] [2022-12-10T11:02:17.053Z] <<< [apiv2][status] GET https://api.github.com/repos/levart/alte-ecommerce/actions/secrets/public-key 404
[debug] [2022-12-10T11:02:17.053Z] <<< [apiv2][body] GET https://api.github.com/repos/levart/alte-ecommerce/actions/secrets/public-key {"message":"Not Found","documentation_url":"https://docs.github.com/rest/reference/actions#get-a-repository-public-key"}
[debug] [2022-12-10T11:02:17.432Z] >>> [apiv2][query] GET https://api.github.com/repos/\levart/alte-ecommerce/actions/secrets/public-key type=owner
[debug] [2022-12-10T11:02:17.892Z] <<< [apiv2][status] GET https://api.github.com/repos/\levart/alte-ecommerce/actions/secrets/public-key 404
[debug] [2022-12-10T11:02:17.893Z] <<< [apiv2][body] GET https://api.github.com/repos/\levart/alte-ecommerce/actions/secrets/public-key {"message":"Not Found","documentation_url":"https://docs.github.com/rest"}
